2023-08-31 11:59:53.299	    INFO	Creating IFS reduction at path /data/zburr/yses_ifu/2nd_epoch/todo/2022-12-20
2023-08-31 11:59:53.299	 WARNING	#################################################################
2023-08-31 11:59:53.299	 WARNING	Starting in the present version of the pipeline, the default     
2023-08-31 11:59:53.299	 WARNING	-1.75° true North offset is automatically added to the derotation
2023-08-31 11:59:53.299	 WARNING	angles. The offset value can be modified in the configuration of 
2023-08-31 11:59:53.299	 WARNING	the reduction:                                                   
2023-08-31 11:59:53.299	 WARNING	                                                                 
2023-08-31 11:59:53.299	 WARNING	  >>> reduction.config['cal_true_north'] = xxx                 
2023-08-31 11:59:53.299	 WARNING	                                                                 
2023-08-31 11:59:53.299	 WARNING	To avoid any issues, make sure to:                               
2023-08-31 11:59:53.299	 WARNING	  * either reprocess data previously processed with version <1.4 
2023-08-31 11:59:53.299	 WARNING	  * or take into account the offset in your astrometric analysis 
2023-08-31 11:59:53.299	 WARNING	#################################################################
2023-08-31 11:59:53.300	    INFO	Read existing reduction information
2023-08-31 11:59:53.301	    INFO	====> Full reduction <====
2023-08-31 11:59:53.301	    INFO	====> Init <====
2023-08-31 11:59:53.301	    INFO	Sort raw files
2023-08-31 11:59:53.302	    INFO	 * found 26 raw FITS files
2023-08-31 11:59:53.719	    INFO	Extract frames information
2023-08-31 11:59:54.346	    INFO	 * Programme ID: 110.23NY.001
2023-08-31 11:59:54.359	    INFO	 * OB name:      2MASS-J12505143-5156353
2023-08-31 11:59:54.359	    INFO	 * OB ID:        3394566.0
2023-08-31 11:59:54.360	    INFO	 * Object:       2MASS J12505143-5156353
2023-08-31 11:59:54.360	    INFO	 * RA / DEC:     12:52:8.776 / -52:03:44.60
2023-08-31 11:59:54.360	    INFO	 * Date:         2022-12-20
2023-08-31 11:59:54.360	    INFO	 * Instrument:   IFS
2023-08-31 11:59:54.360	    INFO	 * Derotator:    ELEV
2023-08-31 11:59:54.360	    INFO	 * VIS WFS mode: GAIN_1000_FREQ_300Hz
2023-08-31 11:59:54.360	    INFO	 * IR WFS mode:  DTTS3
2023-08-31 11:59:54.360	    INFO	 * Coronagraph:  N_ALC_YJH_S
2023-08-31 11:59:54.360	    INFO	 * Mode:         NIROBS
2023-08-31 11:59:54.360	    INFO	 * Filter:       OBS_YJ
2023-08-31 11:59:54.360	    INFO	 * DIT:          64.00 sec
2023-08-31 11:59:54.360	    INFO	 * NDIT:         4
2023-08-31 11:59:54.360	    INFO	 * Texp:         4.27 min
2023-08-31 11:59:54.360	    INFO	 * PA:           -71.48° ==> -70.67° = 0.82°
2023-08-31 11:59:54.360	    INFO	 * POSANG:       0.00°
2023-08-31 11:59:54.361	    INFO	File association for calibrations
2023-08-31 11:59:54.368	 WARNING	There are 0 warning(s) and 0 error(s) in the classification of files
2023-08-31 11:59:54.370	    INFO	====> Static calibrations <====
2023-08-31 11:59:54.370	    INFO	Darks and backgrounds
2023-08-31 11:59:54.372	    INFO	 * DARK with DIT=1.65 sec (1 files)
2023-08-31 11:59:57.776	    INFO	 * DARK,BACKGROUND with DIT=64.00 sec (1 files)
2023-08-31 12:00:01.985	    INFO	 * DARK,BACKGROUND with DIT=16.00 sec (1 files)
2023-08-31 12:00:06.555	    INFO	 * SKY with DIT=64.00 sec (3 files)
2023-08-31 12:00:08.472	    INFO	 * SKY with DIT=16.00 sec (3 files)
2023-08-31 12:00:10.238	    INFO	Detector flats
2023-08-31 12:00:10.240	    INFO	 * flat for wavelength 0 nm (filter CAL_BB_2, lamp 5)
2023-08-31 12:00:37.910	    INFO	 * flat for wavelength 1020 nm (filter CAL_NB1_1, lamp 1)
2023-08-31 12:01:04.507	    INFO	 * flat for wavelength 1230 nm (filter CAL_NB2_1, lamp 2)
2023-08-31 12:01:34.267	    INFO	 * flat for wavelength 1300 nm (filter CAL_NB3_1, lamp 3)
2023-08-31 12:02:00.258	    INFO	 * flat for wavelength 1550 nm (filter CAL_NB4_2, lamp 4)
2023-08-31 12:02:00.372	    INFO	Microspectra positions
2023-08-31 12:02:05.324	    INFO	Wavelength calibration
2023-08-31 12:02:50.572	    INFO	Integral-field unit flat
2023-08-31 12:02:56.180	    INFO	====> Science pre-processing <====
2023-08-31 12:02:56.183	    INFO	Pre-process science files
2023-08-31 12:02:56.404	    INFO	2 files of type OBJECT,CENTER with DIT=64.0 sec
2023-08-31 12:02:56.405	    INFO	   ==> found 1 corresponding SKY file
2023-08-31 12:02:56.469	    INFO	 * file 1/2: SPHER.2022-12-20T08:18:01.713, NDIT=1
2023-08-31 12:02:56.469	    INFO	   ==> read data
2023-08-31 12:02:56.482	    INFO	   ==> collapse: mean (1 -> 1 frame, 0 dropped)
2023-08-31 12:02:56.604	    INFO	   ==> collapse frames information
2023-08-31 12:02:57.824	    INFO	   ==> subtract background
2023-08-31 12:02:57.883	    INFO	   ==> correct bad pixels
2023-08-31 12:03:06.460	    INFO	   ==> correct spectral crosstalk
2023-08-31 12:03:15.400	    INFO	 * file 2/2: SPHER.2022-12-20T08:25:07.111, NDIT=1
2023-08-31 12:03:15.400	    INFO	   ==> read data
2023-08-31 12:03:15.407	    INFO	   ==> collapse: mean (1 -> 1 frame, 0 dropped)
2023-08-31 12:03:15.471	    INFO	   ==> collapse frames information
2023-08-31 12:03:15.518	    INFO	   ==> subtract background
2023-08-31 12:03:15.523	    INFO	   ==> correct bad pixels
2023-08-31 12:03:23.527	    INFO	   ==> correct spectral crosstalk
2023-08-31 12:03:32.377	    INFO	1 files of type OBJECT,FLUX with DIT=16.0 sec
2023-08-31 12:03:32.378	    INFO	   ==> found 1 corresponding SKY file
2023-08-31 12:03:32.386	    INFO	 * file 1/1: SPHER.2022-12-20T08:14:58.280, NDIT=2
2023-08-31 12:03:32.386	    INFO	   ==> read data
2023-08-31 12:03:32.393	    INFO	   ==> collapse: mean (2 -> 1 frame, 0 dropped)
2023-08-31 12:03:32.489	    INFO	   ==> collapse frames information
2023-08-31 12:03:32.523	    INFO	   ==> subtract background
2023-08-31 12:03:32.573	    INFO	   ==> correct bad pixels
2023-08-31 12:03:40.815	    INFO	   ==> correct spectral crosstalk
2023-08-31 12:03:53.445	    INFO	1 files of type OBJECT with DIT=64.0 sec
2023-08-31 12:03:53.446	    INFO	   ==> found 1 corresponding SKY file
2023-08-31 12:03:53.451	    INFO	 * file 1/1: SPHER.2022-12-20T08:26:26.713, NDIT=4
2023-08-31 12:03:53.452	    INFO	   ==> read data
2023-08-31 12:03:53.460	    INFO	   ==> collapse: mean (4 -> 1 frame, 0 dropped)
2023-08-31 12:03:53.640	    INFO	   ==> collapse frames information
2023-08-31 12:03:53.672	    INFO	   ==> subtract background
2023-08-31 12:03:53.677	    INFO	   ==> correct bad pixels
2023-08-31 12:04:02.889	    INFO	   ==> correct spectral crosstalk
2023-08-31 12:04:11.839	    INFO	Pre-process wavelength calibration file
2023-08-31 12:04:11.930	    INFO	 * SPHER.2022-12-20T16:41:02.137
2023-08-31 12:04:11.930	    INFO	   ==> read data
2023-08-31 12:04:11.939	    INFO	   ==> collapse: mean
2023-08-31 12:04:12.004	    INFO	   ==> subtract background
2023-08-31 12:04:12.011	    INFO	   ==> correct bad pixels
2023-08-31 12:04:14.518	    INFO	   ==> correct spectral crosstalk
2023-08-31 12:04:23.419	    INFO	Create science cubes
2023-08-31 12:04:23.421	    INFO	 * found 5 pre-processed files
2023-08-31 12:04:23.425	    INFO	 * starting esorex
2023-08-31 12:04:44.987	    INFO	 * post-processing files
2023-08-31 12:04:45.268	    INFO	====> Science processing <====
2023-08-31 12:04:45.268	    INFO	Wavelength recalibration
2023-08-31 12:04:45.268	    INFO	 * extracting calibrated wavelength
2023-08-31 12:04:45.275	    INFO	 * fitting waffle spots
2023-08-31 12:04:45.288	    INFO	   ==> wave  1/39 ( 950 nm)
2023-08-31 12:04:46.293	    INFO	   ==> wave  2/39 ( 960 nm)
2023-08-31 12:04:46.992	    INFO	   ==> wave  3/39 ( 971 nm)
2023-08-31 12:04:47.553	    INFO	   ==> wave  4/39 ( 981 nm)
2023-08-31 12:04:48.197	    INFO	   ==> wave  5/39 ( 992 nm)
2023-08-31 12:04:48.752	    INFO	   ==> wave  6/39 (1002 nm)
2023-08-31 12:04:49.395	    INFO	   ==> wave  7/39 (1013 nm)
2023-08-31 12:04:49.978	    INFO	   ==> wave  8/39 (1023 nm)
2023-08-31 12:04:50.544	    INFO	   ==> wave  9/39 (1033 nm)
2023-08-31 12:04:51.224	    INFO	   ==> wave 10/39 (1044 nm)
2023-08-31 12:04:51.802	    INFO	   ==> wave 11/39 (1054 nm)
2023-08-31 12:04:52.431	    INFO	   ==> wave 12/39 (1065 nm)
2023-08-31 12:04:52.979	    INFO	   ==> wave 13/39 (1075 nm)
2023-08-31 12:04:53.541	    INFO	   ==> wave 14/39 (1085 nm)
2023-08-31 12:04:54.184	    INFO	   ==> wave 15/39 (1096 nm)
2023-08-31 12:04:54.722	    INFO	   ==> wave 16/39 (1106 nm)
2023-08-31 12:04:55.379	    INFO	   ==> wave 17/39 (1117 nm)
2023-08-31 12:04:55.921	    INFO	   ==> wave 18/39 (1127 nm)
2023-08-31 12:04:56.480	    INFO	   ==> wave 19/39 (1138 nm)
2023-08-31 12:04:57.145	    INFO	   ==> wave 20/39 (1148 nm)
2023-08-31 12:04:57.708	    INFO	   ==> wave 21/39 (1158 nm)
2023-08-31 12:04:58.357	    INFO	   ==> wave 22/39 (1169 nm)
2023-08-31 12:04:58.907	    INFO	   ==> wave 23/39 (1179 nm)
2023-08-31 12:04:59.552	    INFO	   ==> wave 24/39 (1190 nm)
2023-08-31 12:05:00.131	    INFO	   ==> wave 25/39 (1200 nm)
2023-08-31 12:05:00.700	    INFO	   ==> wave 26/39 (1211 nm)
2023-08-31 12:05:01.361	    INFO	   ==> wave 27/39 (1221 nm)
2023-08-31 12:05:01.925	    INFO	   ==> wave 28/39 (1231 nm)
2023-08-31 12:05:02.597	    INFO	   ==> wave 29/39 (1242 nm)
2023-08-31 12:05:03.137	    INFO	   ==> wave 30/39 (1252 nm)
2023-08-31 12:05:03.680	    INFO	   ==> wave 31/39 (1263 nm)
2023-08-31 12:05:04.327	    INFO	   ==> wave 32/39 (1273 nm)
2023-08-31 12:05:04.873	    INFO	   ==> wave 33/39 (1283 nm)
2023-08-31 12:05:05.530	    INFO	   ==> wave 34/39 (1294 nm)
2023-08-31 12:05:06.103	    INFO	   ==> wave 35/39 (1304 nm)
2023-08-31 12:05:06.764	    INFO	   ==> wave 36/39 (1315 nm)
2023-08-31 12:05:07.319	    INFO	   ==> wave 37/39 (1325 nm)
2023-08-31 12:05:07.886	    INFO	   ==> wave 38/39 (1336 nm)
2023-08-31 12:05:08.549	    INFO	   ==> wave 39/39 (1346 nm)
2023-08-31 12:05:11.209	    INFO	 * recalibration
2023-08-31 12:05:11.254	    INFO	   ==> difference with calibrated wavelength: min=0.1 nm, max=6.8 nm
2023-08-31 12:05:11.255	    INFO	 * saving
2023-08-31 12:05:11.551	    INFO	Star centers determination
2023-08-31 12:05:11.552	    INFO	 * OBJECT,FLUX: SPHER.2022-12-20T08:14:58.280
2023-08-31 12:05:11.566	    INFO	   ==> wave  1/39 ( 950 nm)
2023-08-31 12:05:11.582	    INFO	   ==> wave  2/39 ( 960 nm)
2023-08-31 12:05:11.615	    INFO	   ==> wave  3/39 ( 971 nm)
2023-08-31 12:05:11.645	    INFO	   ==> wave  4/39 ( 981 nm)
2023-08-31 12:05:11.662	    INFO	   ==> wave  5/39 ( 992 nm)
2023-08-31 12:05:11.676	    INFO	   ==> wave  6/39 (1002 nm)
2023-08-31 12:05:11.718	    INFO	   ==> wave  7/39 (1013 nm)
2023-08-31 12:05:11.754	    INFO	   ==> wave  8/39 (1023 nm)
2023-08-31 12:05:11.769	    INFO	   ==> wave  9/39 (1033 nm)
2023-08-31 12:05:11.804	    INFO	   ==> wave 10/39 (1044 nm)
2023-08-31 12:05:11.839	    INFO	   ==> wave 11/39 (1054 nm)
2023-08-31 12:05:11.859	    INFO	   ==> wave 12/39 (1065 nm)
2023-08-31 12:05:11.893	    INFO	   ==> wave 13/39 (1075 nm)
2023-08-31 12:05:11.933	    INFO	   ==> wave 14/39 (1085 nm)
2023-08-31 12:05:11.968	    INFO	   ==> wave 15/39 (1096 nm)
2023-08-31 12:05:12.002	    INFO	   ==> wave 16/39 (1106 nm)
2023-08-31 12:05:12.016	    INFO	   ==> wave 17/39 (1117 nm)
2023-08-31 12:05:12.040	    INFO	   ==> wave 18/39 (1127 nm)
2023-08-31 12:05:12.056	    INFO	   ==> wave 19/39 (1138 nm)
2023-08-31 12:05:12.186	    INFO	   ==> wave 20/39 (1148 nm)
2023-08-31 12:05:12.220	    INFO	   ==> wave 21/39 (1158 nm)
2023-08-31 12:05:12.239	    INFO	   ==> wave 22/39 (1169 nm)
2023-08-31 12:05:12.266	    INFO	   ==> wave 23/39 (1179 nm)
2023-08-31 12:05:12.303	    INFO	   ==> wave 24/39 (1190 nm)
2023-08-31 12:05:12.338	    INFO	   ==> wave 25/39 (1200 nm)
2023-08-31 12:05:12.358	    INFO	   ==> wave 26/39 (1211 nm)
2023-08-31 12:05:12.390	    INFO	   ==> wave 27/39 (1221 nm)
2023-08-31 12:05:12.411	    INFO	   ==> wave 28/39 (1231 nm)
2023-08-31 12:05:12.435	    INFO	   ==> wave 29/39 (1242 nm)
2023-08-31 12:05:12.455	    INFO	   ==> wave 30/39 (1252 nm)
2023-08-31 12:05:12.469	    INFO	   ==> wave 31/39 (1263 nm)
2023-08-31 12:05:12.507	    INFO	   ==> wave 32/39 (1273 nm)
2023-08-31 12:05:12.533	    INFO	   ==> wave 33/39 (1283 nm)
2023-08-31 12:05:12.553	    INFO	   ==> wave 34/39 (1294 nm)
2023-08-31 12:05:12.588	    INFO	   ==> wave 35/39 (1304 nm)
2023-08-31 12:05:12.627	    INFO	   ==> wave 36/39 (1315 nm)
2023-08-31 12:05:12.651	    INFO	   ==> wave 37/39 (1325 nm)
2023-08-31 12:05:12.689	    INFO	   ==> wave 38/39 (1336 nm)
2023-08-31 12:05:12.724	    INFO	   ==> wave 39/39 (1346 nm)
2023-08-31 12:05:17.581	    INFO	 * OBJECT,CENTER: SPHER.2022-12-20T08:18:01.713
2023-08-31 12:05:17.590	    INFO	   ==> wave  1/39 ( 950 nm)
2023-08-31 12:05:18.152	    INFO	   ==> wave  2/39 ( 960 nm)
2023-08-31 12:05:18.827	    INFO	   ==> wave  3/39 ( 971 nm)
2023-08-31 12:05:19.372	    INFO	   ==> wave  4/39 ( 981 nm)
2023-08-31 12:05:20.015	    INFO	   ==> wave  5/39 ( 992 nm)
2023-08-31 12:05:20.566	    INFO	   ==> wave  6/39 (1002 nm)
2023-08-31 12:05:21.218	    INFO	   ==> wave  7/39 (1013 nm)
2023-08-31 12:05:21.802	    INFO	   ==> wave  8/39 (1023 nm)
2023-08-31 12:05:22.348	    INFO	   ==> wave  9/39 (1033 nm)
2023-08-31 12:05:23.018	    INFO	   ==> wave 10/39 (1044 nm)
2023-08-31 12:05:23.585	    INFO	   ==> wave 11/39 (1054 nm)
2023-08-31 12:05:24.241	    INFO	   ==> wave 12/39 (1065 nm)
2023-08-31 12:05:24.802	    INFO	   ==> wave 13/39 (1075 nm)
2023-08-31 12:05:25.377	    INFO	   ==> wave 14/39 (1085 nm)
2023-08-31 12:05:26.040	    INFO	   ==> wave 15/39 (1096 nm)
2023-08-31 12:05:26.587	    INFO	   ==> wave 16/39 (1106 nm)
2023-08-31 12:05:27.297	    INFO	   ==> wave 17/39 (1117 nm)
2023-08-31 12:05:27.836	    INFO	   ==> wave 18/39 (1127 nm)
2023-08-31 12:05:28.411	    INFO	   ==> wave 19/39 (1138 nm)
2023-08-31 12:05:29.083	    INFO	   ==> wave 20/39 (1148 nm)
2023-08-31 12:05:29.664	    INFO	   ==> wave 21/39 (1158 nm)
2023-08-31 12:05:30.333	    INFO	   ==> wave 22/39 (1169 nm)
2023-08-31 12:05:30.885	    INFO	   ==> wave 23/39 (1179 nm)
2023-08-31 12:05:31.541	    INFO	   ==> wave 24/39 (1190 nm)
2023-08-31 12:05:32.135	    INFO	   ==> wave 25/39 (1200 nm)
2023-08-31 12:05:32.699	    INFO	   ==> wave 26/39 (1211 nm)
2023-08-31 12:05:33.407	    INFO	   ==> wave 27/39 (1221 nm)
2023-08-31 12:05:33.993	    INFO	   ==> wave 28/39 (1231 nm)
2023-08-31 12:05:34.663	    INFO	   ==> wave 29/39 (1242 nm)
2023-08-31 12:05:35.214	    INFO	   ==> wave 30/39 (1252 nm)
2023-08-31 12:05:35.756	    INFO	   ==> wave 31/39 (1263 nm)
2023-08-31 12:05:36.436	    INFO	   ==> wave 32/39 (1273 nm)
2023-08-31 12:05:36.989	    INFO	   ==> wave 33/39 (1283 nm)
2023-08-31 12:05:37.670	    INFO	   ==> wave 34/39 (1294 nm)
2023-08-31 12:05:38.253	    INFO	   ==> wave 35/39 (1304 nm)
2023-08-31 12:05:38.936	    INFO	   ==> wave 36/39 (1315 nm)
2023-08-31 12:05:39.476	    INFO	   ==> wave 37/39 (1325 nm)
2023-08-31 12:05:40.036	    INFO	   ==> wave 38/39 (1336 nm)
2023-08-31 12:05:40.723	    INFO	   ==> wave 39/39 (1346 nm)
2023-08-31 12:05:43.394	    INFO	 * OBJECT,CENTER: SPHER.2022-12-20T08:25:07.111
2023-08-31 12:05:43.401	    INFO	   ==> wave  1/39 ( 950 nm)
2023-08-31 12:05:44.045	    INFO	   ==> wave  2/39 ( 960 nm)
2023-08-31 12:05:44.613	    INFO	   ==> wave  3/39 ( 971 nm)
2023-08-31 12:05:45.202	    INFO	   ==> wave  4/39 ( 981 nm)
2023-08-31 12:05:45.851	    INFO	   ==> wave  5/39 ( 992 nm)
2023-08-31 12:05:46.383	    INFO	   ==> wave  6/39 (1002 nm)
2023-08-31 12:05:47.086	    INFO	   ==> wave  7/39 (1013 nm)
2023-08-31 12:05:47.669	    INFO	   ==> wave  8/39 (1023 nm)
2023-08-31 12:05:48.321	    INFO	   ==> wave  9/39 (1033 nm)
2023-08-31 12:05:48.927	    INFO	   ==> wave 10/39 (1044 nm)
2023-08-31 12:05:49.512	    INFO	   ==> wave 11/39 (1054 nm)
2023-08-31 12:05:50.168	    INFO	   ==> wave 12/39 (1065 nm)
2023-08-31 12:05:50.747	    INFO	   ==> wave 13/39 (1075 nm)
2023-08-31 12:05:51.419	    INFO	   ==> wave 14/39 (1085 nm)
2023-08-31 12:05:51.969	    INFO	   ==> wave 15/39 (1096 nm)
2023-08-31 12:05:52.508	    INFO	   ==> wave 16/39 (1106 nm)
2023-08-31 12:05:53.182	    INFO	   ==> wave 17/39 (1117 nm)
2023-08-31 12:05:53.731	    INFO	   ==> wave 18/39 (1127 nm)
2023-08-31 12:05:54.396	    INFO	   ==> wave 19/39 (1138 nm)
2023-08-31 12:05:54.953	    INFO	   ==> wave 20/39 (1148 nm)
2023-08-31 12:05:55.503	    INFO	   ==> wave 21/39 (1158 nm)
2023-08-31 12:05:56.148	    INFO	   ==> wave 22/39 (1169 nm)
2023-08-31 12:05:56.690	    INFO	   ==> wave 23/39 (1179 nm)
2023-08-31 12:05:57.368	    INFO	   ==> wave 24/39 (1190 nm)
2023-08-31 12:05:57.943	    INFO	   ==> wave 25/39 (1200 nm)
2023-08-31 12:05:58.610	    INFO	   ==> wave 26/39 (1211 nm)
2023-08-31 12:05:59.190	    INFO	   ==> wave 27/39 (1221 nm)
2023-08-31 12:05:59.743	    INFO	   ==> wave 28/39 (1231 nm)
2023-08-31 12:06:00.398	    INFO	   ==> wave 29/39 (1242 nm)
2023-08-31 12:06:00.923	    INFO	   ==> wave 30/39 (1252 nm)
2023-08-31 12:06:01.566	    INFO	   ==> wave 31/39 (1263 nm)
2023-08-31 12:06:02.129	    INFO	   ==> wave 32/39 (1273 nm)
2023-08-31 12:06:02.670	    INFO	   ==> wave 33/39 (1283 nm)
2023-08-31 12:06:03.298	    INFO	   ==> wave 34/39 (1294 nm)
2023-08-31 12:06:03.872	    INFO	   ==> wave 35/39 (1304 nm)
2023-08-31 12:06:04.538	    INFO	   ==> wave 36/39 (1315 nm)
2023-08-31 12:06:05.093	    INFO	   ==> wave 37/39 (1325 nm)
2023-08-31 12:06:05.647	    INFO	   ==> wave 38/39 (1336 nm)
2023-08-31 12:06:06.321	    INFO	   ==> wave 39/39 (1346 nm)
2023-08-31 12:06:08.992	    INFO	Combine science data
2023-08-31 12:06:08.995	    INFO	 * OBJECT,FLUX data
2023-08-31 12:06:08.995	    INFO	   ==> file 1/1: SPHER.2022-12-20T08:14:58.280, DIT #0
2023-08-31 12:06:09.592	    INFO	 * OBJECT,CENTER data
2023-08-31 12:06:09.593	    INFO	   ==> file 1/2: SPHER.2022-12-20T08:18:01.713, DIT #0
2023-08-31 12:06:11.059	    INFO	   ==> file 2/2: SPHER.2022-12-20T08:25:07.111, DIT #0
2023-08-31 12:06:12.643	    INFO	 * OBJECT data
2023-08-31 12:06:12.645	    INFO	   ==> file 1/1: SPHER.2022-12-20T08:26:26.713, DIT #0
2023-08-31 12:06:14.131	    INFO	====> Clean-up <====
