2023-09-05 16:31:29.110	    INFO	Creating IFS reduction at path /data/zburr/yses_ifu/2nd_epoch/todo/2023-07-26-1
2023-09-05 16:31:29.111	 WARNING	#################################################################
2023-09-05 16:31:29.111	 WARNING	Starting in the present version of the pipeline, the default     
2023-09-05 16:31:29.111	 WARNING	-1.75° true North offset is automatically added to the derotation
2023-09-05 16:31:29.111	 WARNING	angles. The offset value can be modified in the configuration of 
2023-09-05 16:31:29.111	 WARNING	the reduction:                                                   
2023-09-05 16:31:29.111	 WARNING	                                                                 
2023-09-05 16:31:29.111	 WARNING	  >>> reduction.config['cal_true_north'] = xxx                 
2023-09-05 16:31:29.111	 WARNING	                                                                 
2023-09-05 16:31:29.111	 WARNING	To avoid any issues, make sure to:                               
2023-09-05 16:31:29.111	 WARNING	  * either reprocess data previously processed with version <1.4 
2023-09-05 16:31:29.111	 WARNING	  * or take into account the offset in your astrometric analysis 
2023-09-05 16:31:29.111	 WARNING	#################################################################
2023-09-05 16:31:29.112	    INFO	Read existing reduction information
2023-09-05 16:31:29.113	    INFO	====> Full reduction <====
2023-09-05 16:31:29.113	    INFO	====> Init <====
2023-09-05 16:31:29.113	    INFO	Sort raw files
2023-09-05 16:31:29.113	    INFO	 * found 36 raw FITS files
2023-09-05 16:31:29.631	    INFO	Extract frames information
2023-09-05 16:31:30.247	    INFO	 * Programme ID: 110.23NY.001
2023-09-05 16:31:30.247	    INFO	 * OB name:      2MASS-J13130714-4537438
2023-09-05 16:31:30.247	    INFO	 * OB ID:        3394499.0
2023-09-05 16:31:30.247	    INFO	 * Object:       2MASS J13130714-4537438
2023-09-05 16:31:30.247	    INFO	 * RA / DEC:     13:14:28.376 / -45:45:22.49
2023-09-05 16:31:30.247	    INFO	 * Date:         2023-07-26
2023-09-05 16:31:30.247	    INFO	 * Instrument:   IFS
2023-09-05 16:31:30.247	    INFO	 * Derotator:    ELEV
2023-09-05 16:31:30.247	    INFO	 * VIS WFS mode: GAIN_1000_FREQ_300Hz
2023-09-05 16:31:30.247	    INFO	 * IR WFS mode:  DTTS4
2023-09-05 16:31:30.247	    INFO	 * Coronagraph:  N_ALC_YJH_S
2023-09-05 16:31:30.248	    INFO	 * Mode:         NIROBS
2023-09-05 16:31:30.248	    INFO	 * Filter:       OBS_YJ
2023-09-05 16:31:30.248	    INFO	 * DIT:          64.00 sec
2023-09-05 16:31:30.248	    INFO	 * NDIT:         4
2023-09-05 16:31:30.248	    INFO	 * Texp:         4.27 min
2023-09-05 16:31:30.248	    INFO	 * PA:           94.20° ==> 94.76° = 0.57°
2023-09-05 16:31:30.248	    INFO	 * POSANG:       0.00°
2023-09-05 16:31:30.248	    INFO	File association for calibrations
2023-09-05 16:31:30.249	 WARNING	 * there should be 2 flat files for white lamp, found 4. Using the closest from science.
2023-09-05 16:31:30.251	 WARNING	 * there should be 2 flat files for 1020 nm filter, found 4. Using the closest from science.
2023-09-05 16:31:30.253	 WARNING	 * there should be 2 flat files for 1230 nm filter, found 4. Using the closest from science.
2023-09-05 16:31:30.254	 WARNING	 * there should be 2 flat files for 1300 nm filter, found 4. Using the closest from science.
2023-09-05 16:31:30.256	 WARNING	 * there should be 1 spectra position file, found 2. Using the closest from science.
2023-09-05 16:31:30.257	 WARNING	 * there should be 1 wavelength calibration file, found 2. Using the closest from science.
2023-09-05 16:31:30.259	 WARNING	 * there should be 1 IFU flat file, found 2. Using the closest from science.
2023-09-05 16:31:30.263	 WARNING	There are 7 warning(s) and 0 error(s) in the classification of files
2023-09-05 16:31:30.265	    INFO	====> Static calibrations <====
2023-09-05 16:31:30.265	    INFO	Darks and backgrounds
2023-09-05 16:31:30.267	    INFO	 * DARK with DIT=1.65 sec (1 files)
2023-09-05 16:31:33.298	    INFO	 * DARK,BACKGROUND with DIT=64.00 sec (1 files)
2023-09-05 16:31:37.431	    INFO	 * DARK,BACKGROUND with DIT=8.00 sec (1 files)
2023-09-05 16:31:42.520	    INFO	 * SKY with DIT=64.00 sec (3 files)
2023-09-05 16:31:44.269	    INFO	 * SKY with DIT=8.00 sec (3 files)
2023-09-05 16:31:46.168	    INFO	Detector flats
2023-09-05 16:31:46.172	    INFO	 * flat for wavelength 0 nm (filter CAL_BB_2, lamp 5)
2023-09-05 16:32:18.949	    INFO	 * flat for wavelength 1020 nm (filter CAL_NB1_1, lamp 1)
2023-09-05 16:32:48.979	    INFO	 * flat for wavelength 1230 nm (filter CAL_NB2_1, lamp 2)
2023-09-05 16:33:19.779	    INFO	 * flat for wavelength 1300 nm (filter CAL_NB3_1, lamp 3)
2023-09-05 16:33:58.380	    INFO	 * flat for wavelength 1550 nm (filter CAL_NB4_2, lamp 4)
2023-09-05 16:33:58.390	    INFO	Microspectra positions
2023-09-05 16:34:03.191	    INFO	Wavelength calibration
2023-09-05 16:34:51.427	    INFO	Integral-field unit flat
2023-09-05 16:34:57.109	    INFO	====> Science pre-processing <====
2023-09-05 16:34:57.110	    INFO	Pre-process science files
2023-09-05 16:34:57.235	    INFO	1 files of type OBJECT,CENTER with DIT=64.0 sec
2023-09-05 16:34:57.236	    INFO	   ==> found 1 corresponding SKY file
2023-09-05 16:34:57.248	    INFO	 * file 1/1: SPHER.2023-07-26T02:18:01.747, NDIT=1
2023-09-05 16:34:57.248	    INFO	   ==> read data
2023-09-05 16:34:57.257	    INFO	   ==> collapse: mean (1 -> 1 frame, 0 dropped)
2023-09-05 16:34:57.318	    INFO	   ==> collapse frames information
2023-09-05 16:34:57.408	    INFO	   ==> subtract background
2023-09-05 16:34:57.462	    INFO	   ==> correct bad pixels
2023-09-05 16:35:06.445	    INFO	   ==> correct spectral crosstalk
2023-09-05 16:35:15.320	    INFO	1 files of type OBJECT,FLUX with DIT=8.0 sec
2023-09-05 16:35:15.321	    INFO	   ==> found 1 corresponding SKY file
2023-09-05 16:35:15.331	    INFO	 * file 1/1: SPHER.2023-07-26T02:15:53.490, NDIT=4
2023-09-05 16:35:15.332	    INFO	   ==> read data
2023-09-05 16:35:15.339	    INFO	   ==> collapse: mean (4 -> 1 frame, 0 dropped)
2023-09-05 16:35:15.621	    INFO	   ==> collapse frames information
2023-09-05 16:35:15.654	    INFO	   ==> subtract background
2023-09-05 16:35:15.719	    INFO	   ==> correct bad pixels
2023-09-05 16:35:25.247	    INFO	   ==> correct spectral crosstalk
2023-09-05 16:35:34.087	    INFO	1 files of type OBJECT with DIT=64.0 sec
2023-09-05 16:35:34.088	    INFO	   ==> found 1 corresponding SKY file
2023-09-05 16:35:34.095	    INFO	 * file 1/1: SPHER.2023-07-26T02:19:21.532, NDIT=4
2023-09-05 16:35:34.095	    INFO	   ==> read data
2023-09-05 16:35:34.105	    INFO	   ==> collapse: mean (4 -> 1 frame, 0 dropped)
2023-09-05 16:35:34.337	    INFO	   ==> collapse frames information
2023-09-05 16:35:34.370	    INFO	   ==> subtract background
2023-09-05 16:35:34.375	    INFO	   ==> correct bad pixels
2023-09-05 16:35:42.425	    INFO	   ==> correct spectral crosstalk
2023-09-05 16:35:51.293	    INFO	Pre-process wavelength calibration file
2023-09-05 16:35:51.360	    INFO	 * SPHER.2023-07-25T16:20:58.098
2023-09-05 16:35:51.361	    INFO	   ==> read data
2023-09-05 16:35:51.367	    INFO	   ==> collapse: mean
2023-09-05 16:35:51.423	    INFO	   ==> subtract background
2023-09-05 16:35:51.428	    INFO	   ==> correct bad pixels
2023-09-05 16:35:54.129	    INFO	   ==> correct spectral crosstalk
2023-09-05 16:36:02.993	    INFO	Create science cubes
2023-09-05 16:36:02.995	    INFO	 * found 4 pre-processed files
2023-09-05 16:36:02.999	    INFO	 * starting esorex
2023-09-05 16:36:20.356	    INFO	 * post-processing files
2023-09-05 16:36:20.594	    INFO	====> Science processing <====
2023-09-05 16:36:20.595	    INFO	Wavelength recalibration
2023-09-05 16:36:20.597	    INFO	 * extracting calibrated wavelength
2023-09-05 16:36:20.605	    INFO	 * fitting waffle spots
2023-09-05 16:36:20.619	    INFO	   ==> wave  1/39 ( 950 nm)
2023-09-05 16:36:21.487	    INFO	   ==> wave  2/39 ( 960 nm)
2023-09-05 16:36:22.130	    INFO	   ==> wave  3/39 ( 971 nm)
2023-09-05 16:36:22.747	    INFO	   ==> wave  4/39 ( 981 nm)
2023-09-05 16:36:23.383	    INFO	   ==> wave  5/39 ( 992 nm)
2023-09-05 16:36:23.932	    INFO	   ==> wave  6/39 (1002 nm)
2023-09-05 16:36:24.587	    INFO	   ==> wave  7/39 (1013 nm)
2023-09-05 16:36:25.171	    INFO	   ==> wave  8/39 (1023 nm)
2023-09-05 16:36:25.703	    INFO	   ==> wave  9/39 (1033 nm)
2023-09-05 16:36:26.335	    INFO	   ==> wave 10/39 (1044 nm)
2023-09-05 16:36:26.888	    INFO	   ==> wave 11/39 (1054 nm)
2023-09-05 16:36:27.499	    INFO	   ==> wave 12/39 (1065 nm)
2023-09-05 16:36:28.047	    INFO	   ==> wave 13/39 (1075 nm)
2023-09-05 16:36:28.678	    INFO	   ==> wave 14/39 (1085 nm)
2023-09-05 16:36:29.223	    INFO	   ==> wave 15/39 (1096 nm)
2023-09-05 16:36:29.753	    INFO	   ==> wave 16/39 (1106 nm)
2023-09-05 16:36:30.368	    INFO	   ==> wave 17/39 (1117 nm)
2023-09-05 16:36:30.903	    INFO	   ==> wave 18/39 (1127 nm)
2023-09-05 16:36:31.529	    INFO	   ==> wave 19/39 (1138 nm)
2023-09-05 16:36:32.091	    INFO	   ==> wave 20/39 (1148 nm)
2023-09-05 16:36:32.627	    INFO	   ==> wave 21/39 (1158 nm)
2023-09-05 16:36:33.242	    INFO	   ==> wave 22/39 (1169 nm)
2023-09-05 16:36:33.785	    INFO	   ==> wave 23/39 (1179 nm)
2023-09-05 16:36:34.440	    INFO	   ==> wave 24/39 (1190 nm)
2023-09-05 16:36:35.015	    INFO	   ==> wave 25/39 (1200 nm)
2023-09-05 16:36:35.570	    INFO	   ==> wave 26/39 (1211 nm)
2023-09-05 16:36:36.215	    INFO	   ==> wave 27/39 (1221 nm)
2023-09-05 16:36:36.769	    INFO	   ==> wave 28/39 (1231 nm)
2023-09-05 16:36:37.401	    INFO	   ==> wave 29/39 (1242 nm)
2023-09-05 16:36:37.944	    INFO	   ==> wave 30/39 (1252 nm)
2023-09-05 16:36:38.597	    INFO	   ==> wave 31/39 (1263 nm)
2023-09-05 16:36:39.162	    INFO	   ==> wave 32/39 (1273 nm)
2023-09-05 16:36:39.697	    INFO	   ==> wave 33/39 (1283 nm)
2023-09-05 16:36:40.335	    INFO	   ==> wave 34/39 (1294 nm)
2023-09-05 16:36:40.909	    INFO	   ==> wave 35/39 (1304 nm)
2023-09-05 16:36:41.562	    INFO	   ==> wave 36/39 (1315 nm)
2023-09-05 16:36:42.111	    INFO	   ==> wave 37/39 (1325 nm)
2023-09-05 16:36:42.674	    INFO	   ==> wave 38/39 (1336 nm)
2023-09-05 16:36:43.334	    INFO	   ==> wave 39/39 (1346 nm)
2023-09-05 16:36:45.876	    INFO	 * recalibration
2023-09-05 16:36:45.921	    INFO	   ==> difference with calibrated wavelength: min=0.0 nm, max=18.4 nm
2023-09-05 16:36:45.921	    INFO	 * saving
2023-09-05 16:36:46.242	    INFO	Star centers determination
2023-09-05 16:36:46.243	    INFO	 * OBJECT,FLUX: SPHER.2023-07-26T02:15:53.490
2023-09-05 16:36:46.256	    INFO	   ==> wave  1/39 ( 950 nm)
2023-09-05 16:36:46.271	    INFO	   ==> wave  2/39 ( 960 nm)
2023-09-05 16:36:46.405	    INFO	   ==> wave  3/39 ( 971 nm)
2023-09-05 16:36:46.440	    INFO	   ==> wave  4/39 ( 981 nm)
2023-09-05 16:36:46.464	    INFO	   ==> wave  5/39 ( 992 nm)
2023-09-05 16:36:46.482	    INFO	   ==> wave  6/39 (1002 nm)
2023-09-05 16:36:46.520	    INFO	   ==> wave  7/39 (1013 nm)
2023-09-05 16:36:46.556	    INFO	   ==> wave  8/39 (1023 nm)
2023-09-05 16:36:46.572	    INFO	   ==> wave  9/39 (1033 nm)
2023-09-05 16:36:46.609	    INFO	   ==> wave 10/39 (1044 nm)
2023-09-05 16:36:46.647	    INFO	   ==> wave 11/39 (1054 nm)
2023-09-05 16:36:46.660	    INFO	   ==> wave 12/39 (1065 nm)
2023-09-05 16:36:46.698	    INFO	   ==> wave 13/39 (1075 nm)
2023-09-05 16:36:46.732	    INFO	   ==> wave 14/39 (1085 nm)
2023-09-05 16:36:46.770	    INFO	   ==> wave 15/39 (1096 nm)
2023-09-05 16:36:46.788	    INFO	   ==> wave 16/39 (1106 nm)
2023-09-05 16:36:46.803	    INFO	   ==> wave 17/39 (1117 nm)
2023-09-05 16:36:46.816	    INFO	   ==> wave 18/39 (1127 nm)
2023-09-05 16:36:46.834	    INFO	   ==> wave 19/39 (1138 nm)
2023-09-05 16:36:46.869	    INFO	   ==> wave 20/39 (1148 nm)
2023-09-05 16:36:46.881	    INFO	   ==> wave 21/39 (1158 nm)
2023-09-05 16:36:46.891	    INFO	   ==> wave 22/39 (1169 nm)
2023-09-05 16:36:46.905	    INFO	   ==> wave 23/39 (1179 nm)
2023-09-05 16:36:46.941	    INFO	   ==> wave 24/39 (1190 nm)
2023-09-05 16:36:46.978	    INFO	   ==> wave 25/39 (1200 nm)
2023-09-05 16:36:46.989	    INFO	   ==> wave 26/39 (1211 nm)
2023-09-05 16:36:47.019	    INFO	   ==> wave 27/39 (1221 nm)
2023-09-05 16:36:47.042	    INFO	   ==> wave 28/39 (1231 nm)
2023-09-05 16:36:47.058	    INFO	   ==> wave 29/39 (1242 nm)
2023-09-05 16:36:47.087	    INFO	   ==> wave 30/39 (1252 nm)
2023-09-05 16:36:47.106	    INFO	   ==> wave 31/39 (1263 nm)
2023-09-05 16:36:47.136	    INFO	   ==> wave 32/39 (1273 nm)
2023-09-05 16:36:47.152	    INFO	   ==> wave 33/39 (1283 nm)
2023-09-05 16:36:47.163	    INFO	   ==> wave 34/39 (1294 nm)
2023-09-05 16:36:47.202	    INFO	   ==> wave 35/39 (1304 nm)
2023-09-05 16:36:47.238	    INFO	   ==> wave 36/39 (1315 nm)
2023-09-05 16:36:47.251	    INFO	   ==> wave 37/39 (1325 nm)
2023-09-05 16:36:47.290	    INFO	   ==> wave 38/39 (1336 nm)
2023-09-05 16:36:47.331	    INFO	   ==> wave 39/39 (1346 nm)
2023-09-05 16:36:47.346	    INFO	   ==> found 1 outliers. Will replace them with a linear fit.
2023-09-05 16:36:52.201	    INFO	 * OBJECT,CENTER: SPHER.2023-07-26T02:18:01.747
2023-09-05 16:36:52.209	    INFO	   ==> wave  1/39 ( 950 nm)
2023-09-05 16:36:52.873	    INFO	   ==> wave  2/39 ( 960 nm)
2023-09-05 16:36:53.460	    INFO	   ==> wave  3/39 ( 971 nm)
2023-09-05 16:36:54.043	    INFO	   ==> wave  4/39 ( 981 nm)
2023-09-05 16:36:54.701	    INFO	   ==> wave  5/39 ( 992 nm)
2023-09-05 16:36:55.268	    INFO	   ==> wave  6/39 (1002 nm)
2023-09-05 16:36:55.967	    INFO	   ==> wave  7/39 (1013 nm)
2023-09-05 16:36:56.557	    INFO	   ==> wave  8/39 (1023 nm)
2023-09-05 16:36:57.213	    INFO	   ==> wave  9/39 (1033 nm)
2023-09-05 16:36:57.784	    INFO	   ==> wave 10/39 (1044 nm)
2023-09-05 16:36:58.364	    INFO	   ==> wave 11/39 (1054 nm)
2023-09-05 16:36:59.023	    INFO	   ==> wave 12/39 (1065 nm)
2023-09-05 16:36:59.593	    INFO	   ==> wave 13/39 (1075 nm)
2023-09-05 16:37:00.254	    INFO	   ==> wave 14/39 (1085 nm)
2023-09-05 16:37:00.831	    INFO	   ==> wave 15/39 (1096 nm)
2023-09-05 16:37:01.386	    INFO	   ==> wave 16/39 (1106 nm)
2023-09-05 16:37:02.033	    INFO	   ==> wave 17/39 (1117 nm)
2023-09-05 16:37:02.591	    INFO	   ==> wave 18/39 (1127 nm)
2023-09-05 16:37:03.254	    INFO	   ==> wave 19/39 (1138 nm)
2023-09-05 16:37:03.831	    INFO	   ==> wave 20/39 (1148 nm)
2023-09-05 16:37:04.377	    INFO	   ==> wave 21/39 (1158 nm)
2023-09-05 16:37:05.144	    INFO	   ==> wave 22/39 (1169 nm)
2023-09-05 16:37:05.694	    INFO	   ==> wave 23/39 (1179 nm)
2023-09-05 16:37:06.378	    INFO	   ==> wave 24/39 (1190 nm)
2023-09-05 16:37:06.965	    INFO	   ==> wave 25/39 (1200 nm)
2023-09-05 16:37:07.629	    INFO	   ==> wave 26/39 (1211 nm)
2023-09-05 16:37:08.202	    INFO	   ==> wave 27/39 (1221 nm)
2023-09-05 16:37:08.772	    INFO	   ==> wave 28/39 (1231 nm)
2023-09-05 16:37:09.457	    INFO	   ==> wave 29/39 (1242 nm)
2023-09-05 16:37:10.005	    INFO	   ==> wave 30/39 (1252 nm)
2023-09-05 16:37:10.663	    INFO	   ==> wave 31/39 (1263 nm)
2023-09-05 16:37:11.227	    INFO	   ==> wave 32/39 (1273 nm)
2023-09-05 16:37:11.779	    INFO	   ==> wave 33/39 (1283 nm)
2023-09-05 16:37:12.458	    INFO	   ==> wave 34/39 (1294 nm)
2023-09-05 16:37:13.071	    INFO	   ==> wave 35/39 (1304 nm)
2023-09-05 16:37:13.777	    INFO	   ==> wave 36/39 (1315 nm)
2023-09-05 16:37:14.361	    INFO	   ==> wave 37/39 (1325 nm)
2023-09-05 16:37:14.922	    INFO	   ==> wave 38/39 (1336 nm)
2023-09-05 16:37:15.611	    INFO	   ==> wave 39/39 (1346 nm)
2023-09-05 16:37:18.040	    INFO	Combine science data
2023-09-05 16:37:18.043	    INFO	 * OBJECT,FLUX data
2023-09-05 16:37:18.043	    INFO	   ==> file 1/1: SPHER.2023-07-26T02:15:53.490, DIT #0
2023-09-05 16:37:18.650	    INFO	 * OBJECT,CENTER data
2023-09-05 16:37:18.654	    INFO	   ==> file 1/1: SPHER.2023-07-26T02:18:01.747, DIT #0
2023-09-05 16:37:20.157	    INFO	 * OBJECT data
2023-09-05 16:37:20.161	    INFO	   ==> file 1/1: SPHER.2023-07-26T02:19:21.532, DIT #0
2023-09-05 16:37:21.686	    INFO	====> Clean-up <====
